# JRE version: Java(TM) SE Runtime Environment (8.0_171-b11) (build 1.8.0_171-b11)
# Java VM: Java HotSpot(TM) 64-Bit Server VM (25.171-b11 mixed mode windows-amd64 compressed oops)
Heap:
 PSYoungGen      total 340480K, used 43623K [0x00000000eb300000, 0x0000000100000000, 0x0000000100000000)
  eden space 339968K, 12% used [0x00000000eb300000,0x00000000edd8dc48,0x00000000fff00000)
  from space 512K, 9% used [0x00000000fff00000,0x00000000fff0c010,0x00000000fff80000)
  to   space 512K, 0% used [0x00000000fff80000,0x00000000fff80000,0x0000000100000000)
 ParOldGen       total 148992K, used 84148K [0x00000000c1800000, 0x00000000ca980000, 0x00000000eb300000)
  object space 148992K, 56% used [0x00000000c1800000,0x00000000c6a2d290,0x00000000ca980000)
 Metaspace       used 13280K, capacity 13442K, committed 13696K, reserved 1060864K
  class space    used 1469K, capacity 1535K, committed 1664K, reserved 1048576K
GC Heap History (10 events):
Event: 148815.117 GC heap before
{Heap before GC invocations=1558726 (full 87):
 PSYoungGen      total 340480K, used 340096K [0x00000000eb300000, 0x0000000100000000, 0x0000000100000000)
  eden space 339968K, 100% used [0x00000000eb300000,0x00000000fff00000,0x00000000fff00000)
  from space 512K, 25% used [0x00000000fff80000,0x00000000fffa0000,0x0000000100000000)
  to   space 512K, 0% used [0x00000000fff00000,0x00000000fff00000,0x00000000fff80000)
 ParOldGen       total 148992K, used 35540K [0x00000000c1800000, 0x00000000ca980000, 0x00000000eb300000)
  object space 148992K, 23% used [0x00000000c1800000,0x00000000c3ab5230,0x00000000ca980000)
 Metaspace       used 13274K, capacity 13442K, committed 13696K, reserved 1060864K
  class space    used 1469K, capacity 1535K, committed 1664K, reserved 1048576K
Event: 148815.119 GC heap after
Heap after GC invocations=1558726 (full 87):
 PSYoungGen      total 340480K, used 176K [0x00000000eb300000, 0x0000000100000000, 0x0000000100000000)
  eden space 339968K, 0% used [0x00000000eb300000,0x00000000eb300000,0x00000000fff00000)
  from space 512K, 34% used [0x00000000fff00000,0x00000000fff2c010,0x00000000fff80000)
  to   space 512K, 0% used [0x00000000fff80000,0x00000000fff80000,0x0000000100000000)
 ParOldGen       total 148992K, used 35540K [0x00000000c1800000, 0x00000000ca980000, 0x00000000eb300000)
  object space 148992K, 23% used [0x00000000c1800000,0x00000000c3ab5230,0x00000000ca980000)
 Metaspace       used 13274K, capacity 13442K, committed 13696K, reserved 1060864K
  class space    used 1469K, capacity 1535K, committed 1664K, reserved 1048576K
}
Event: 148815.551 GC heap before
{Heap before GC invocations=1558727 (full 87):
 PSYoungGen      total 340480K, used 340144K [0x00000000eb300000, 0x0000000100000000, 0x0000000100000000)
  eden space 339968K, 100% used [0x00000000eb300000,0x00000000fff00000,0x00000000fff00000)
  from space 512K, 34% used [0x00000000fff00000,0x00000000fff2c010,0x00000000fff80000)
  to   space 512K, 0% used [0x00000000fff80000,0x00000000fff80000,0x0000000100000000)
 ParOldGen       total 148992K, used 35540K [0x00000000c1800000, 0x00000000ca980000, 0x00000000eb300000)
  object space 148992K, 23% used [0x00000000c1800000,0x00000000c3ab5230,0x00000000ca980000)
 Metaspace       used 13280K, capacity 13442K, committed 13696K, reserved 1060864K
  class space    used 1469K, capacity 1535K, committed 1664K, reserved 1048576K
Event: 148815.565 GC heap after
Heap after GC invocations=1558727 (full 87):
 PSYoungGen      total 340480K, used 176K [0x00000000eb300000, 0x0000000100000000, 0x0000000100000000)
  eden space 339968K, 0% used [0x00000000eb300000,0x00000000eb300000,0x00000000fff00000)
  from space 512K, 34% used [0x00000000fff80000,0x00000000fffac010,0x0000000100000000)
  to   space 512K, 0% used [0x00000000fff00000,0x00000000fff00000,0x00000000fff80000)
 ParOldGen       total 148992K, used 84148K [0x00000000c1800000, 0x00000000ca980000, 0x00000000eb300000)
  object space 148992K, 56% used [0x00000000c1800000,0x00000000c6a2d290,0x00000000ca980000)
 Metaspace       used 13280K, capacity 13442K, committed 13696K, reserved 1060864K
  class space    used 1469K, capacity 1535K, committed 1664K, reserved 1048576K
}
Event: 148815.992 GC heap before
{Heap before GC invocations=1558728 (full 87):
 PSYoungGen      total 340480K, used 340144K [0x00000000eb300000, 0x0000000100000000, 0x0000000100000000)
  eden space 339968K, 100% used [0x00000000eb300000,0x00000000fff00000,0x00000000fff00000)
  from space 512K, 34% used [0x00000000fff80000,0x00000000fffac010,0x0000000100000000)
  to   space 512K, 0% used [0x00000000fff00000,0x00000000fff00000,0x00000000fff80000)
 ParOldGen       total 148992K, used 84148K [0x00000000c1800000, 0x00000000ca980000, 0x00000000eb300000)
  object space 148992K, 56% used [0x00000000c1800000,0x00000000c6a2d290,0x00000000ca980000)
 Metaspace       used 13280K, capacity 13442K, committed 13696K, reserved 1060864K
  class space    used 1469K, capacity 1535K, committed 1664K, reserved 1048576K
Event: 148815.993 GC heap after
Heap after GC invocations=1558728 (full 87):
 PSYoungGen      total 340480K, used 144K [0x00000000eb300000, 0x0000000100000000, 0x0000000100000000)
  eden space 339968K, 0% used [0x00000000eb300000,0x00000000eb300000,0x00000000fff00000)
  from space 512K, 28% used [0x00000000fff00000,0x00000000fff24010,0x00000000fff80000)
  to   space 512K, 0% used [0x00000000fff80000,0x00000000fff80000,0x0000000100000000)
 ParOldGen       total 148992K, used 84148K [0x00000000c1800000, 0x00000000ca980000, 0x00000000eb300000)
  object space 148992K, 56% used [0x00000000c1800000,0x00000000c6a2d290,0x00000000ca980000)
 Metaspace       used 13280K, capacity 13442K, committed 13696K, reserved 1060864K
  class space    used 1469K, capacity 1535K, committed 1664K, reserved 1048576K
}
Event: 148816.439 GC heap before
{Heap before GC invocations=1558729 (full 87):
 PSYoungGen      total 340480K, used 340112K [0x00000000eb300000, 0x0000000100000000, 0x0000000100000000)
  eden space 339968K, 100% used [0x00000000eb300000,0x00000000fff00000,0x00000000fff00000)
  from space 512K, 28% used [0x00000000fff00000,0x00000000fff24010,0x00000000fff80000)
  to   space 512K, 0% used [0x00000000fff80000,0x00000000fff80000,0x0000000100000000)
 ParOldGen       total 148992K, used 84148K [0x00000000c1800000, 0x00000000ca980000, 0x00000000eb300000)
  object space 148992K, 56% used [0x00000000c1800000,0x00000000c6a2d290,0x00000000ca980000)
 Metaspace       used 13280K, capacity 13442K, committed 13696K, reserved 1060864K
  class space    used 1469K, capacity 1535K, committed 1664K, reserved 1048576K
Event: 148816.441 GC heap after
Heap after GC invocations=1558729 (full 87):
 PSYoungGen      total 340480K, used 80K [0x00000000eb300000, 0x0000000100000000, 0x0000000100000000)
  eden space 339968K, 0% used [0x00000000eb300000,0x00000000eb300000,0x00000000fff00000)
  from space 512K, 15% used [0x00000000fff80000,0x00000000fff94010,0x0000000100000000)
  to   space 512K, 0% used [0x00000000fff00000,0x00000000fff00000,0x00000000fff80000)
 ParOldGen       total 148992K, used 84148K [0x00000000c1800000, 0x00000000ca980000, 0x00000000eb300000)
  object space 148992K, 56% used [0x00000000c1800000,0x00000000c6a2d290,0x00000000ca980000)
 Metaspace       used 13280K, capacity 13442K, committed 13696K, reserved 1060864K
  class space    used 1469K, capacity 1535K, committed 1664K, reserved 1048576K
}
Event: 148816.875 GC heap before
{Heap before GC invocations=1558730 (full 87):
 PSYoungGen      total 340480K, used 340048K [0x00000000eb300000, 0x0000000100000000, 0x0000000100000000)
  eden space 339968K, 100% used [0x00000000eb300000,0x00000000fff00000,0x00000000fff00000)
  from space 512K, 15% used [0x00000000fff80000,0x00000000fff94010,0x0000000100000000)
  to   space 512K, 0% used [0x00000000fff00000,0x00000000fff00000,0x00000000fff80000)
 ParOldGen       total 148992K, used 84148K [0x00000000c1800000, 0x00000000ca980000, 0x00000000eb300000)
  object space 148992K, 56% used [0x00000000c1800000,0x00000000c6a2d290,0x00000000ca980000)
 Metaspace       used 13280K, capacity 13442K, committed 13696K, reserved 1060864K
  class space    used 1469K, capacity 1535K, committed 1664K, reserved 1048576K
Event: 148816.878 GC heap after
Heap after GC invocations=1558730 (full 87):
 PSYoungGen      total 340480K, used 96K [0x00000000eb300000, 0x0000000100000000, 0x0000000100000000)
  eden space 339968K, 0% used [0x00000000eb300000,0x00000000eb300000,0x00000000fff00000)
  from space 512K, 18% used [0x00000000fff00000,0x00000000fff18000,0x00000000fff80000)
  to   space 512K, 0% used [0x00000000fff80000,0x00000000fff80000,0x0000000100000000)
 ParOldGen       total 148992K, used 84148K [0x00000000c1800000, 0x00000000ca980000, 0x00000000eb300000)
  object space 148992K, 56% used [0x00000000c1800000,0x00000000c6a2d290,0x00000000ca980000)
 Metaspace       used 13280K, capacity 13442K, committed 13696K, reserved 1060864K
  class space    used 1469K, capacity 1535K, committed 1664K, reserved 1048576K
}

